# JRE version: Java(TM) SE Runtime Environment (7.0_65-b20) (build 1.7.0_65-b20)
# Java VM: Java HotSpot(TM) Client VM (24.65-b04 mixed mode, sharing windows-x86 )
Heap
 def new generation   total 4928K, used 3475K [0x24000000, 0x24550000, 0x29550000)
  eden space 4416K,  73% used [0x24000000, 0x2432beb8, 0x24450000)
  from space 512K,  44% used [0x24450000, 0x24488f68, 0x244d0000)
  to   space 512K,   4% used [0x244d0000, 0x244d53d8, 0x24550000)
 tenured generation   total 10944K, used 4257K [0x29550000, 0x2a000000, 0x34000000)
   the space 10944K,  38% used [0x29550000, 0x29978688, 0x29978800, 0x2a000000)
 compacting perm gen  total 12288K, used 2508K [0x34000000, 0x34c00000, 0x38000000)
   the space 12288K,  20% used [0x34000000, 0x342733f8, 0x34273400, 0x34c00000)
    ro space 10240K,  42% used [0x38000000, 0x38434650, 0x38434800, 0x38a00000)
    rw space 12288K,  52% used [0x38a00000, 0x3904be40, 0x3904c000, 0x39600000)
GC Heap History (10 events):
Event: 1.793 GC heap after
Heap after GC invocations=2 (full 0):
 def new generation   total 4928K, used 512K [0x24000000, 0x24550000, 0x29550000)
  eden space 4416K,   0% used [0x24000000, 0x24000000, 0x24450000)
  from space 512K, 100% used [0x24450000, 0x244d0000, 0x244d0000)
  to   space 512K,   0% used [0x244d0000, 0x244d0000, 0x24550000)
 tenured generation   total 10944K, used 2333K [0x29550000, 0x2a000000, 0x34000000)
   the space 10944K,  21% used [0x29550000, 0x29797450, 0x29797600, 0x2a000000)
 compacting perm gen  total 12288K, used 2343K [0x34000000, 0x34c00000, 0x38000000)
   the space 12288K,  19% used [0x34000000, 0x34249ea8, 0x3424a000, 0x34c00000)
    ro space 10240K,  42% used [0x38000000, 0x38434650, 0x38434800, 0x38a00000)
    rw space 12288K,  52% used [0x38a00000, 0x3904be40, 0x3904c000, 0x39600000)
}
Event: 22.697 GC heap before
{Heap before GC invocations=2 (full 0):
 def new generation   total 4928K, used 4928K [0x24000000, 0x24550000, 0x29550000)
  eden space 4416K, 100% used [0x24000000, 0x24450000, 0x24450000)
  from space 512K, 100% used [0x24450000, 0x244d0000, 0x244d0000)
  to   space 512K,   0% used [0x244d0000, 0x244d0000, 0x24550000)
 tenured generation   total 10944K, used 2333K [0x29550000, 0x2a000000, 0x34000000)
   the space 10944K,  21% used [0x29550000, 0x29797450, 0x29797600, 0x2a000000)
 compacting perm gen  total 12288K, used 2451K [0x34000000, 0x34c00000, 0x38000000)
   the space 12288K,  19% used [0x34000000, 0x34264c40, 0x34264e00, 0x34c00000)
    ro space 10240K,  42% used [0x38000000, 0x38434650, 0x38434800, 0x38a00000)
    rw space 12288K,  52% used [0x38a00000, 0x3904be40, 0x3904c000, 0x39600000)
Event: 22.719 GC heap after
Heap after GC invocations=3 (full 0):
 def new generation   total 4928K, used 512K [0x24000000, 0x24550000, 0x29550000)
  eden space 4416K,   0% used [0x24000000, 0x24000000, 0x24450000)
  from space 512K, 100% used [0x244d0000, 0x24550000, 0x24550000)
  to   space 512K,   0% used [0x24450000, 0x24450000, 0x244d0000)
 tenured generation   total 10944K, used 3439K [0x29550000, 0x2a000000, 0x34000000)
   the space 10944K,  31% used [0x29550000, 0x298abeb8, 0x298ac000, 0x2a000000)
 compacting perm gen  total 12288K, used 2451K [0x34000000, 0x34c00000, 0x38000000)
   the space 12288K,  19% used [0x34000000, 0x34264c40, 0x34264e00, 0x34c00000)
    ro space 10240K,  42% used [0x38000000, 0x38434650, 0x38434800, 0x38a00000)
    rw space 12288K,  52% used [0x38a00000, 0x3904be40, 0x3904c000, 0x39600000)
}
Event: 53.123 GC heap before
{Heap before GC invocations=3 (full 0):
 def new generation   total 4928K, used 4928K [0x24000000, 0x24550000, 0x29550000)
  eden space 4416K, 100% used [0x24000000, 0x24450000, 0x24450000)
  from space 512K, 100% used [0x244d0000, 0x24550000, 0x24550000)
  to   space 512K,   0% used [0x24450000, 0x24450000, 0x244d0000)
 tenured generation   total 10944K, used 3439K [0x29550000, 0x2a000000, 0x34000000)
   the space 10944K,  31% used [0x29550000, 0x298abeb8, 0x298ac000, 0x2a000000)
 compacting perm gen  total 12288K, used 2489K [0x34000000, 0x34c00000, 0x38000000)
   the space 12288K,  20% used [0x34000000, 0x3426e638, 0x3426e800, 0x34c00000)
    ro space 10240K,  42% used [0x38000000, 0x38434650, 0x38434800, 0x38a00000)
    rw space 12288K,  52% used [0x38a00000, 0x3904be40, 0x3904c000, 0x39600000)
Event: 53.127 GC heap after
Heap after GC invocations=4 (full 0):
 def new generation   total 4928K, used 511K [0x24000000, 0x24550000, 0x29550000)
  eden space 4416K,   0% used [0x24000000, 0x24000000, 0x24450000)
  from space 512K,  99% used [0x24450000, 0x244cfff0, 0x244d0000)
  to   space 512K,   0% used [0x244d0000, 0x244d0000, 0x24550000)
 tenured generation   total 10944K, used 3801K [0x29550000, 0x2a000000, 0x34000000)
   the space 10944K,  34% used [0x29550000, 0x29906440, 0x29906600, 0x2a000000)
 compacting perm gen  total 12288K, used 2489K [0x34000000, 0x34c00000, 0x38000000)
   the space 12288K,  20% used [0x34000000, 0x3426e638, 0x3426e800, 0x34c00000)
    ro space 10240K,  42% used [0x38000000, 0x38434650, 0x38434800, 0x38a00000)
    rw space 12288K,  52% used [0x38a00000, 0x3904be40, 0x3904c000, 0x39600000)
}
Event: 89.900 GC heap before
{Heap before GC invocations=4 (full 0):
 def new generation   total 4928K, used 4927K [0x24000000, 0x24550000, 0x29550000)
  eden space 4416K, 100% used [0x24000000, 0x24450000, 0x24450000)
  from space 512K,  99% used [0x24450000, 0x244cfff0, 0x244d0000)
  to   space 512K,   0% used [0x244d0000, 0x244d0000, 0x24550000)
 tenured generation   total 10944K, used 3801K [0x29550000, 0x2a000000, 0x34000000)
   the space 10944K,  34% used [0x29550000, 0x29906440, 0x29906600, 0x2a000000)
 compacting perm gen  total 12288K, used 2500K [0x34000000, 0x34c00000, 0x38000000)
   the space 12288K,  20% used [0x34000000, 0x342710d8, 0x34271200, 0x34c00000)
    ro space 10240K,  42% used [0x38000000, 0x38434650, 0x38434800, 0x38a00000)
    rw space 12288K,  52% used [0x38a00000, 0x3904be40, 0x3904c000, 0x39600000)
Event: 89.902 GC heap after
Heap after GC invocations=5 (full 0):
 def new generation   total 4928K, used 512K [0x24000000, 0x24550000, 0x29550000)
  eden space 4416K,   0% used [0x24000000, 0x24000000, 0x24450000)
  from space 512K, 100% used [0x244d0000, 0x24550000, 0x24550000)
  to   space 512K,   0% used [0x24450000, 0x24450000, 0x244d0000)
 tenured generation   total 10944K, used 4037K [0x29550000, 0x2a000000, 0x34000000)
   the space 10944K,  36% used [0x29550000, 0x29941528, 0x29941600, 0x2a000000)
 compacting perm gen  total 12288K, used 2500K [0x34000000, 0x34c00000, 0x38000000)
   the space 12288K,  20% used [0x34000000, 0x342710d8, 0x34271200, 0x34c00000)
    ro space 10240K,  42% used [0x38000000, 0x38434650, 0x38434800, 0x38a00000)
    rw space 12288K,  52% used [0x38a00000, 0x3904be40, 0x3904c000, 0x39600000)
}
Event: 29364.885 GC heap before
{Heap before GC invocations=5 (full 0):
 def new generation   total 4928K, used 2576K [0x24000000, 0x24550000, 0x29550000)
  eden space 4416K,  46% used [0x24000000, 0x24204368, 0x24450000)
  from space 512K, 100% used [0x244d0000, 0x24550000, 0x24550000)
  to   space 512K,   0% used [0x24450000, 0x24450000, 0x244d0000)
 tenured generation   total 10944K, used 4037K [0x29550000, 0x2a000000, 0x34000000)
   the space 10944K,  36% used [0x29550000, 0x29941528, 0x29941600, 0x2a000000)
 compacting perm gen  total 12288K, used 2503K [0x34000000, 0x34c00000, 0x38000000)
   the space 12288K,  20% used [0x34000000, 0x34271f08, 0x34272000, 0x34c00000)
    ro space 10240K,  42% used [0x38000000, 0x38434650, 0x38434800, 0x38a00000)
    rw space 12288K,  52% used [0x38a00000, 0x3904be40, 0x3904c000, 0x39600000)
Event: 29364.887 GC heap after
Heap after GC invocations=6 (full 0):
 def new generation   total 4928K, used 227K [0x24000000, 0x24550000, 0x29550000)
  eden space 4416K,   0% used [0x24000000, 0x24000000, 0x24450000)
  from space 512K,  44% used [0x24450000, 0x24488f68, 0x244d0000)
  to   space 512K,   0% used [0x244d0000, 0x244d0000, 0x24550000)
 tenured generation   total 10944K, used 4257K [0x29550000, 0x2a000000, 0x34000000)
   the space 10944K,  38% used [0x29550000, 0x29978688, 0x29978800, 0x2a000000)
 compacting perm gen  total 12288K, used 2503K [0x34000000, 0x34c00000, 0x38000000)
   the space 12288K,  20% used [0x34000000, 0x34271f08, 0x34272000, 0x34c00000)
    ro space 10240K,  42% used [0x38000000, 0x38434650, 0x38434800, 0x38a00000)
    rw space 12288K,  52% used [0x38a00000, 0x3904be40, 0x3904c000, 0x39600000)
}
Event: 29392.142 GC heap before
{Heap before GC invocations=6 (full 0):
 def new generation   total 4928K, used 3475K [0x24000000, 0x24550000, 0x29550000)
  eden space 4416K,  73% used [0x24000000, 0x2432beb8, 0x24450000)
  from space 512K,  44% used [0x24450000, 0x24488f68, 0x244d0000)
  to   space 512K,   0% used [0x244d0000, 0x244d0000, 0x24550000)
 tenured generation   total 10944K, used 4257K [0x29550000, 0x2a000000, 0x34000000)
   the space 10944K,  38% used [0x29550000, 0x29978688, 0x29978800, 0x2a000000)
 compacting perm gen  total 12288K, used 2508K [0x34000000, 0x34c00000, 0x38000000)
   the space 12288K,  20% used [0x34000000, 0x342733f8, 0x34273400, 0x34c00000)
    ro space 10240K,  42% used [0x38000000, 0x38434650, 0x38434800, 0x38a00000)
    rw space 12288K,  52% used [0x38a00000, 0x3904be40, 0x3904c000, 0x39600000)

